<?xml version="1.0" encoding="UTF-8"?>
<testsuite name="ru.netology.test.DeliveryCardChangeTest" tests="6" skipped="0" failures="0" errors="0" timestamp="2022-10-25T21:20:49" hostname="LAPTOP-JE6DPQ30" time="12.396">
  <properties/>
  <testcase name="shouldSendDataForDelivery()" classname="ru.netology.test.DeliveryCardChangeTest" time="5.054"/>
  <testcase name="shouldTestInvalidPhone()" classname="ru.netology.test.DeliveryCardChangeTest" time="1.579"/>
  <testcase name="shouldTestNotAgreement()" classname="ru.netology.test.DeliveryCardChangeTest" time="1.511"/>
  <testcase name="shouldTestNameNotFilled()" classname="ru.netology.test.DeliveryCardChangeTest" time="1.358"/>
  <testcase name="shouldTestInvalidName()" classname="ru.netology.test.DeliveryCardChangeTest" time="1.47"/>
  <testcase name="shouldTestNoPhone()" classname="ru.netology.test.DeliveryCardChangeTest" time="1.42"/>
  <system-out><![CDATA[]]></system-out>
  <system-err><![CDATA[[Test worker] INFO com.codeborne.selenide.impl.WebDriverThreadLocalContainer - No webdriver is bound to current thread: 14 - let's create a new webdriver
[Test worker] INFO io.github.bonigarcia.wdm.WebDriverManager - Using chromedriver 106.0.5249.61 (since Google Chrome 106 is installed in your machine)
[Test worker] INFO io.github.bonigarcia.wdm.WebDriverManager - Exporting webdriver.chrome.driver as C:\Users\stage\.m2\repository\webdriver\chromedriver\win32\106.0.5249.61\chromedriver.exe
Starting ChromeDriver 106.0.5249.61 (511755355844955cd3e264779baf0dd38212a4d0-refs/branch-heads/5249@{#569}) on port 15816
Only local connections are allowed.
Please see https://chromedriver.chromium.org/security-considerations for suggestions on keeping ChromeDriver safe.
ChromeDriver was started successfully.
окт. 26, 2022 2:20:51 AM org.openqa.selenium.remote.ProtocolHandshake createSession
INFO: Detected dialect: W3C
[Test worker] INFO com.codeborne.selenide.webdriver.BrowserResizer - Set browser size to 1366x768
[Test worker] INFO com.codeborne.selenide.webdriver.WebDriverFactory - BrowserName=chrome Version=106.0.5249.119 Platform=WINDOWS
[Test worker] INFO com.codeborne.selenide.webdriver.WebDriverFactory - Selenide v. 5.11.0
[Test worker] INFO com.codeborne.selenide.webdriver.WebDriverFactory - Selenium WebDriver v. 3.141.59 build time: 2018-11-14T08:17:03
[Test worker] INFO com.codeborne.selenide.drivercommands.CreateDriverCommand - Create webdriver in current thread 14: ChromeDriver -> ChromeDriver: chrome on WINDOWS (c0f3328b97c27b9f831a26a28e42d98a)
]]></system-err>
</testsuite>
